<?xml version="1.0" encoding="UTF-8"?>
<!-- Generated by org.testng.reporters.JUnitReportReporter -->
<testsuite hostname="MPARTHA" failures="0" tests="1" name="Grocery.Essentials.GroceryOrignial" time="20.651" errors="0" timestamp="2024-10-03T16:49:22 IST" skipped="0">
  <testcase classname="Grocery.Essentials.GroceryOrignial" name="grocery" time="20.651"/>
  <system-out/>
</testsuite> <!-- Grocery.Essentials.GroceryOrignial -->
