<?xml version="1.0" encoding="UTF-8"?>
<!-- Generated by org.testng.reporters.JUnitReportReporter -->
<testsuite hostname="MPARTHA" failures="0" tests="1" name="Grocery.Essentials.GroceryOrignial" time="20.896" errors="0" timestamp="2024-10-03T22:28:30 IST" skipped="0">
  <testcase classname="Grocery.Essentials.GroceryOrignial" name="grocery" time="20.896"/>
</testsuite> <!-- Grocery.Essentials.GroceryOrignial -->
